0 info it worked if it ends with ok
1 verbose cli [ '/usr/local/bin/node', '/usr/local/bin/npm', 'run', 'deploy' ]
2 info using npm@3.10.8
3 info using node@v6.9.1
4 verbose run-script [ 'predeploy', 'deploy', 'postdeploy' ]
5 info lifecycle synapsis@1.0.0~predeploy: synapsis@1.0.0
6 silly lifecycle synapsis@1.0.0~predeploy: no script for predeploy, continuing
7 info lifecycle synapsis@1.0.0~deploy: synapsis@1.0.0
8 verbose lifecycle synapsis@1.0.0~deploy: unsafe-perm in lifecycle true
9 verbose lifecycle synapsis@1.0.0~deploy: PATH: /usr/local/lib/node_modules/npm/bin/node-gyp-bin:/Users/jinchen/Documents/Programming/forked-synapsis/node_modules/.bin:/Users/jinchen/.rvm/gems/ruby-2.3.1/bin:/Users/jinchen/.rvm/gems/ruby-2.3.1@global/bin:/Users/jinchen/.rvm/rubies/ruby-2.3.1/bin:/usr/local/bin:/usr/bin:/bin:/usr/sbin:/sbin:/Applications/Postgres.app/Contents/Versions/latest/bin:/Users/jinchen/.rvm/bin
10 verbose lifecycle synapsis@1.0.0~deploy: CWD: /Users/jinchen/Documents/Programming/forked-synapsis
11 silly lifecycle synapsis@1.0.0~deploy: Args: [ '-c', 'git subtree push — prefix dist heroku master' ]
12 silly lifecycle synapsis@1.0.0~deploy: Returned: code: 1  signal: null
13 info lifecycle synapsis@1.0.0~deploy: Failed to exec deploy script
14 verbose stack Error: synapsis@1.0.0 deploy: `git subtree push — prefix dist heroku master`
14 verbose stack Exit status 1
14 verbose stack     at EventEmitter.<anonymous> (/usr/local/lib/node_modules/npm/lib/utils/lifecycle.js:255:16)
14 verbose stack     at emitTwo (events.js:106:13)
14 verbose stack     at EventEmitter.emit (events.js:191:7)
14 verbose stack     at ChildProcess.<anonymous> (/usr/local/lib/node_modules/npm/lib/utils/spawn.js:40:14)
14 verbose stack     at emitTwo (events.js:106:13)
14 verbose stack     at ChildProcess.emit (events.js:191:7)
14 verbose stack     at maybeClose (internal/child_process.js:877:16)
14 verbose stack     at Process.ChildProcess._handle.onexit (internal/child_process.js:226:5)
15 verbose pkgid synapsis@1.0.0
16 verbose cwd /Users/jinchen/Documents/Programming/forked-synapsis
17 error Darwin 15.6.0
18 error argv "/usr/local/bin/node" "/usr/local/bin/npm" "run" "deploy"
19 error node v6.9.1
20 error npm  v3.10.8
21 error code ELIFECYCLE
22 error synapsis@1.0.0 deploy: `git subtree push — prefix dist heroku master`
22 error Exit status 1
23 error Failed at the synapsis@1.0.0 deploy script 'git subtree push — prefix dist heroku master'.
23 error Make sure you have the latest version of node.js and npm installed.
23 error If you do, this is most likely a problem with the synapsis package,
23 error not with npm itself.
23 error Tell the author that this fails on your system:
23 error     git subtree push — prefix dist heroku master
23 error You can get information on how to open an issue for this project with:
23 error     npm bugs synapsis
23 error Or if that isn't available, you can get their info via:
23 error     npm owner ls synapsis
23 error There is likely additional logging output above.
24 verbose exit [ 1, true ]
